<?xml version="1.0" encoding="UTF-8"?>
<testsuite name="ru.stqa.pft.addressbook.GroupCreationTests" tests="1" skipped="0" failures="0" errors="0" timestamp="2019-08-01T05:57:09" hostname="AdminAs-MBP-4.fios-router.home" time="2.388">
  <properties/>
  <testcase name="createGroupTest" classname="ru.stqa.pft.addressbook.GroupCreationTests" time="2.388"/>
  <system-out><![CDATA[]]></system-out>
  <system-err><![CDATA[Starting ChromeDriver 75.0.3770.140 (2d9f97485c7b07dc18a74666574f19176731995c-refs/branch-heads/3770@{#1155}) on port 37971
Only local connections are allowed.
Please protect ports used by ChromeDriver and related test frameworks to prevent access by malicious code.
[1564639029.290][WARNING]: This version of ChromeDriver has not been tested with Chrome version 76.
Aug 01, 2019 1:57:09 AM org.openqa.selenium.remote.ProtocolHandshake createSession
INFO: Detected dialect: W3C
]]></system-err>
</testsuite>
